<?xml version="1.0" encoding="UTF-8"?>
<!-- Generated by org.testng.reporters.JUnitXMLReporter -->
<testsuite ignored="0" hostname="LAPTOP-P34I9C3O" failures="0" tests="4" name="Test" time="59.504" errors="0" timestamp="22 Dec 2019 10:22:50 GMT">
  <testcase classname="flow.titlevalidate" name="hBrowser" time="0.127"/>
  <testcase classname="flow.validation" name="oBrowser" time="6.031"/>
  <testcase classname="flow.application" name="openBrowser" time="15.148"/>
  <testcase classname="flow.application" name="openBrowser" time="7.426"/>
</testsuite> <!-- Test -->
